2023-10-26 02:05:16,406:INFO:PyCaret Supervised Module
2023-10-26 02:05:16,407:INFO:ML Usecase: classification
2023-10-26 02:05:16,407:INFO:version 2.2.3
2023-10-26 02:05:16,407:INFO:Initializing setup()
2023-10-26 02:05:16,407:INFO:setup(target=churn, ml_usecase=classification, available_plots={'parameter': 'Hyperparameters', 'auc': 'AUC', 'confusion_matrix': 'Confusion Matrix', 'threshold': 'Threshold', 'pr': 'Precision Recall', 'error': 'Prediction Error', 'class_report': 'Class Report', 'rfe': 'Feature Selection', 'learning': 'Learning Curve', 'manifold': 'Manifold Learning', 'calibration': 'Calibration Curve', 'vc': 'Validation Curve', 'dimension': 'Dimensions', 'feature': 'Feature Importance', 'feature_all': 'Feature Importance (All)', 'boundary': 'Decision Boundary', 'lift': 'Lift Chart', 'gain': 'Gain Chart', 'tree': 'Decision Tree'}, train_size=0.7, test_data=None, preprocess=True, imputation_type=simple, iterative_imputation_iters=5, categorical_features=None, categorical_imputation=constant, categorical_iterative_imputer=lightgbm, ordinal_features=None, high_cardinality_features=None, high_cardinality_method=frequency, numeric_features=None, numeric_imputation=mean, numeric_iterative_imputer=lightgbm, date_features=None, ignore_features=['user_id'], normalize=False, normalize_method=zscore, transformation=False, transformation_method=yeo-johnson, handle_unknown_categorical=True, unknown_categorical_method=least_frequent, pca=False, pca_method=linear, pca_components=None, ignore_low_variance=False, combine_rare_levels=False, rare_level_threshold=0.1, bin_numeric_features=None, remove_outliers=False, outliers_threshold=0.05, remove_multicollinearity=False, multicollinearity_threshold=0.9, remove_perfect_collinearity=True, create_clusters=False, cluster_iter=20, polynomial_features=False, polynomial_degree=2, trigonometry_features=False, polynomial_threshold=0.1, group_features=None, group_names=None, feature_selection=False, feature_selection_threshold=0.8, feature_selection_method=classic, feature_interaction=False, feature_ratio=False, interaction_threshold=0.01, fix_imbalance=False, fix_imbalance_method=None, transform_target=False, transform_target_method=box-cox, data_split_shuffle=True, data_split_stratify=False, fold_strategy=stratifiedkfold, fold=10, fold_shuffle=False, fold_groups=None, n_jobs=-1, use_gpu=False, custom_pipeline=None, html=True, session_id=None, log_experiment=False, experiment_name=None, log_plots=False, log_profile=False, log_data=False, silent=False, verbose=True, profile=False, profile_kwargs=None, display=None)
2023-10-26 02:05:16,407:INFO:Checking environment
2023-10-26 02:05:16,407:INFO:python_version: 3.11.5
2023-10-26 02:05:16,407:INFO:python_build: ('main', 'Sep 11 2023 08:31:25')
2023-10-26 02:05:16,407:INFO:machine: arm64
2023-10-26 02:05:16,407:INFO:platform: macOS-13.6-arm64-arm-64bit
2023-10-26 02:05:16,407:INFO:Memory: svmem(total=17179869184, available=5033279488, percent=70.7, used=7377534976, free=53886976, active=5002559488, inactive=4787781632, wired=2374975488)
2023-10-26 02:05:16,407:INFO:Physical Core: 10
2023-10-26 02:05:16,407:INFO:Logical Core: 10
2023-10-26 02:05:16,407:INFO:Checking libraries
2023-10-26 02:05:16,407:INFO:pd==2.0.3
2023-10-26 02:05:16,407:INFO:numpy==1.24.3
2023-10-26 02:05:16,407:INFO:sklearn==1.2.2
2023-10-26 02:05:16,765:INFO:xgboost==1.7.3
2023-10-26 02:05:16,765:INFO:lightgbm==3.3.5
2023-10-26 02:05:17,324:INFO:catboost==1.2
2023-10-26 02:05:18,370:INFO:mlflow==2.6.0
2023-10-26 02:05:18,371:INFO:Checking Exceptions
2023-10-26 02:05:18,371:INFO:Declaring global variables
2023-10-26 02:05:18,371:INFO:USI: d916
2023-10-26 02:05:18,371:INFO:pycaret_globals: {'transform_target_method_param', 'logging_param', 'X_train', 'prep_pipe', 'gpu_param', 'fold_generator', '_all_metrics', 'exp_name_log', '_available_plots', 'imputation_classifier', 'fix_imbalance_method_param', 'y_test', 'target_param', 'USI', 'X_test', 'iterative_imputation_iters_param', 'X', 'experiment__', 'seed', 'fold_shuffle_param', 'y', 'pycaret_globals', '_all_models', 'fold_param', 'data_before_preprocess', 'display_container', '_internal_pipeline', 'fold_groups_param', 'y_train', 'log_plots_param', '_gpu_n_jobs_param', '_all_models_internal', '_ml_usecase', 'n_jobs_param', 'imputation_regressor', 'create_model_container', 'fix_imbalance_param', 'html_param', 'stratify_param', 'master_model_container', 'transform_target_param'}
2023-10-26 02:05:18,371:INFO:Preparing display monitor
2023-10-26 02:05:18,371:INFO:Preparing display monitor
2023-10-26 02:05:18,374:INFO:Importing libraries
2023-10-26 02:05:18,374:INFO:Copying data for preprocessing
2023-10-26 02:05:18,378:INFO:Declaring preprocessing parameters
2023-10-26 02:05:18,381:INFO:Creating preprocessing pipeline
2023-10-26 02:05:18,393:INFO:Preprocessing pipeline created successfully
2023-10-26 02:05:18,393:ERROR:(Process Exit): setup has been interupted with user command 'quit'. setup must rerun.
2023-10-26 02:05:18,394:INFO:Creating global containers
2023-10-26 02:06:20,934:INFO:PyCaret Supervised Module
2023-10-26 02:06:20,934:INFO:ML Usecase: classification
2023-10-26 02:06:20,934:INFO:version 2.2.3
2023-10-26 02:06:20,934:INFO:Initializing setup()
2023-10-26 02:06:20,934:INFO:setup(target=churn, ml_usecase=classification, available_plots={'parameter': 'Hyperparameters', 'auc': 'AUC', 'confusion_matrix': 'Confusion Matrix', 'threshold': 'Threshold', 'pr': 'Precision Recall', 'error': 'Prediction Error', 'class_report': 'Class Report', 'rfe': 'Feature Selection', 'learning': 'Learning Curve', 'manifold': 'Manifold Learning', 'calibration': 'Calibration Curve', 'vc': 'Validation Curve', 'dimension': 'Dimensions', 'feature': 'Feature Importance', 'feature_all': 'Feature Importance (All)', 'boundary': 'Decision Boundary', 'lift': 'Lift Chart', 'gain': 'Gain Chart', 'tree': 'Decision Tree'}, train_size=0.7, test_data=None, preprocess=True, imputation_type=simple, iterative_imputation_iters=5, categorical_features=None, categorical_imputation=constant, categorical_iterative_imputer=lightgbm, ordinal_features=None, high_cardinality_features=None, high_cardinality_method=frequency, numeric_features=None, numeric_imputation=mean, numeric_iterative_imputer=lightgbm, date_features=None, ignore_features=['user_id'], normalize=False, normalize_method=zscore, transformation=False, transformation_method=yeo-johnson, handle_unknown_categorical=True, unknown_categorical_method=least_frequent, pca=False, pca_method=linear, pca_components=None, ignore_low_variance=False, combine_rare_levels=False, rare_level_threshold=0.1, bin_numeric_features=None, remove_outliers=False, outliers_threshold=0.05, remove_multicollinearity=False, multicollinearity_threshold=0.9, remove_perfect_collinearity=True, create_clusters=False, cluster_iter=20, polynomial_features=False, polynomial_degree=2, trigonometry_features=False, polynomial_threshold=0.1, group_features=None, group_names=None, feature_selection=False, feature_selection_threshold=0.8, feature_selection_method=classic, feature_interaction=False, feature_ratio=False, interaction_threshold=0.01, fix_imbalance=False, fix_imbalance_method=None, transform_target=False, transform_target_method=box-cox, data_split_shuffle=True, data_split_stratify=False, fold_strategy=stratifiedkfold, fold=10, fold_shuffle=True, fold_groups=None, n_jobs=-1, use_gpu=False, custom_pipeline=None, html=True, session_id=None, log_experiment=False, experiment_name=None, log_plots=False, log_profile=False, log_data=False, silent=False, verbose=True, profile=False, profile_kwargs=None, display=None)
2023-10-26 02:06:20,934:INFO:Checking environment
2023-10-26 02:06:20,934:INFO:python_version: 3.11.5
2023-10-26 02:06:20,934:INFO:python_build: ('main', 'Sep 11 2023 08:31:25')
2023-10-26 02:06:20,934:INFO:machine: arm64
2023-10-26 02:06:20,934:INFO:platform: macOS-13.6-arm64-arm-64bit
2023-10-26 02:06:20,934:INFO:Memory: svmem(total=17179869184, available=5271748608, percent=69.3, used=7091716096, free=251363328, active=5019205632, inactive=4971266048, wired=2072510464)
2023-10-26 02:06:20,934:INFO:Physical Core: 10
2023-10-26 02:06:20,935:INFO:Logical Core: 10
2023-10-26 02:06:20,935:INFO:Checking libraries
2023-10-26 02:06:20,935:INFO:pd==2.0.3
2023-10-26 02:06:20,935:INFO:numpy==1.24.3
2023-10-26 02:06:20,935:INFO:sklearn==1.2.2
2023-10-26 02:06:20,935:INFO:xgboost==1.7.3
2023-10-26 02:06:20,935:INFO:lightgbm==3.3.5
2023-10-26 02:06:20,935:INFO:catboost==1.2
2023-10-26 02:06:20,935:INFO:mlflow==2.6.0
2023-10-26 02:06:20,935:INFO:Checking Exceptions
2023-10-26 02:06:20,935:INFO:Declaring global variables
2023-10-26 02:06:20,935:INFO:USI: 503c
2023-10-26 02:06:20,935:INFO:pycaret_globals: {'transform_target_method_param', 'logging_param', 'X_train', 'prep_pipe', 'gpu_param', 'fold_generator', '_all_metrics', 'exp_name_log', '_available_plots', 'imputation_classifier', 'fix_imbalance_method_param', 'y_test', 'target_param', 'USI', 'X_test', 'iterative_imputation_iters_param', 'X', 'experiment__', 'seed', 'fold_shuffle_param', 'y', 'pycaret_globals', '_all_models', 'fold_param', 'data_before_preprocess', 'display_container', '_internal_pipeline', 'fold_groups_param', 'y_train', 'log_plots_param', '_gpu_n_jobs_param', '_all_models_internal', '_ml_usecase', 'n_jobs_param', 'imputation_regressor', 'create_model_container', 'fix_imbalance_param', 'html_param', 'stratify_param', 'master_model_container', 'transform_target_param'}
2023-10-26 02:06:20,935:INFO:Preparing display monitor
2023-10-26 02:06:20,935:INFO:Preparing display monitor
2023-10-26 02:06:20,939:INFO:Importing libraries
2023-10-26 02:06:20,939:INFO:Copying data for preprocessing
2023-10-26 02:06:20,946:INFO:Declaring preprocessing parameters
2023-10-26 02:06:20,950:INFO:Creating preprocessing pipeline
2023-10-26 02:06:20,963:INFO:Preprocessing pipeline created successfully
2023-10-26 02:06:20,964:ERROR:(Process Exit): setup has been interupted with user command 'quit'. setup must rerun.
2023-10-26 02:06:20,964:INFO:Creating global containers
2023-10-26 02:06:20,964:INFO:Internal pipeline: Pipeline(memory=None, steps=[('empty_step', 'passthrough')], verbose=False)
2023-10-26 02:07:43,808:INFO:PyCaret Supervised Module
2023-10-26 02:07:43,808:INFO:ML Usecase: classification
2023-10-26 02:07:43,808:INFO:version 2.2.3
2023-10-26 02:07:43,808:INFO:Initializing setup()
2023-10-26 02:07:43,808:INFO:setup(target=churn, ml_usecase=classification, available_plots={'parameter': 'Hyperparameters', 'auc': 'AUC', 'confusion_matrix': 'Confusion Matrix', 'threshold': 'Threshold', 'pr': 'Precision Recall', 'error': 'Prediction Error', 'class_report': 'Class Report', 'rfe': 'Feature Selection', 'learning': 'Learning Curve', 'manifold': 'Manifold Learning', 'calibration': 'Calibration Curve', 'vc': 'Validation Curve', 'dimension': 'Dimensions', 'feature': 'Feature Importance', 'feature_all': 'Feature Importance (All)', 'boundary': 'Decision Boundary', 'lift': 'Lift Chart', 'gain': 'Gain Chart', 'tree': 'Decision Tree'}, train_size=0.7, test_data=None, preprocess=True, imputation_type=simple, iterative_imputation_iters=5, categorical_features=None, categorical_imputation=constant, categorical_iterative_imputer=lightgbm, ordinal_features=None, high_cardinality_features=None, high_cardinality_method=frequency, numeric_features=None, numeric_imputation=mean, numeric_iterative_imputer=lightgbm, date_features=None, ignore_features=['user_id'], normalize=False, normalize_method=zscore, transformation=False, transformation_method=yeo-johnson, handle_unknown_categorical=True, unknown_categorical_method=least_frequent, pca=False, pca_method=linear, pca_components=None, ignore_low_variance=False, combine_rare_levels=False, rare_level_threshold=0.1, bin_numeric_features=None, remove_outliers=False, outliers_threshold=0.05, remove_multicollinearity=False, multicollinearity_threshold=0.9, remove_perfect_collinearity=True, create_clusters=False, cluster_iter=20, polynomial_features=False, polynomial_degree=2, trigonometry_features=False, polynomial_threshold=0.1, group_features=None, group_names=None, feature_selection=False, feature_selection_threshold=0.8, feature_selection_method=classic, feature_interaction=False, feature_ratio=False, interaction_threshold=0.01, fix_imbalance=False, fix_imbalance_method=None, transform_target=False, transform_target_method=box-cox, data_split_shuffle=True, data_split_stratify=False, fold_strategy=stratifiedkfold, fold=10, fold_shuffle=True, fold_groups=None, n_jobs=-1, use_gpu=False, custom_pipeline=None, html=True, session_id=None, log_experiment=False, experiment_name=None, log_plots=False, log_profile=False, log_data=False, silent=False, verbose=True, profile=False, profile_kwargs=None, display=None)
2023-10-26 02:07:43,808:INFO:Checking environment
2023-10-26 02:07:43,808:INFO:python_version: 3.11.5
2023-10-26 02:07:43,808:INFO:python_build: ('main', 'Sep 11 2023 08:31:25')
2023-10-26 02:07:43,808:INFO:machine: arm64
2023-10-26 02:07:43,808:INFO:platform: macOS-13.6-arm64-arm-64bit
2023-10-26 02:07:43,808:INFO:Memory: svmem(total=17179869184, available=5269340160, percent=69.3, used=7115620352, free=178683904, active=5101633536, inactive=5037342720, wired=2013986816)
2023-10-26 02:07:43,809:INFO:Physical Core: 10
2023-10-26 02:07:43,809:INFO:Logical Core: 10
2023-10-26 02:07:43,809:INFO:Checking libraries
2023-10-26 02:07:43,809:INFO:pd==2.0.3
2023-10-26 02:07:43,809:INFO:numpy==1.24.3
2023-10-26 02:07:43,809:INFO:sklearn==1.2.2
2023-10-26 02:07:43,809:INFO:xgboost==1.7.3
2023-10-26 02:07:43,809:INFO:lightgbm==3.3.5
2023-10-26 02:07:43,809:INFO:catboost==1.2
2023-10-26 02:07:43,809:INFO:mlflow==2.6.0
2023-10-26 02:07:43,809:INFO:Checking Exceptions
2023-10-26 02:07:43,809:INFO:Declaring global variables
2023-10-26 02:07:43,809:INFO:USI: 0d82
2023-10-26 02:07:43,809:INFO:pycaret_globals: {'transform_target_method_param', 'logging_param', 'X_train', 'prep_pipe', 'gpu_param', 'fold_generator', '_all_metrics', 'exp_name_log', '_available_plots', 'imputation_classifier', 'fix_imbalance_method_param', 'y_test', 'target_param', 'USI', 'X_test', 'iterative_imputation_iters_param', 'X', 'experiment__', 'seed', 'fold_shuffle_param', 'y', 'pycaret_globals', '_all_models', 'fold_param', 'data_before_preprocess', 'display_container', '_internal_pipeline', 'fold_groups_param', 'y_train', 'log_plots_param', '_gpu_n_jobs_param', '_all_models_internal', '_ml_usecase', 'n_jobs_param', 'imputation_regressor', 'create_model_container', 'fix_imbalance_param', 'html_param', 'stratify_param', 'master_model_container', 'transform_target_param'}
2023-10-26 02:07:43,809:INFO:Preparing display monitor
2023-10-26 02:07:43,809:INFO:Preparing display monitor
2023-10-26 02:07:43,814:INFO:Importing libraries
2023-10-26 02:07:43,814:INFO:Copying data for preprocessing
2023-10-26 02:07:43,820:INFO:Declaring preprocessing parameters
2023-10-26 02:07:43,823:INFO:Creating preprocessing pipeline
2023-10-26 02:07:43,838:INFO:Preprocessing pipeline created successfully
2023-10-26 02:07:43,838:ERROR:(Process Exit): setup has been interupted with user command 'quit'. setup must rerun.
2023-10-26 02:07:43,838:INFO:Creating global containers
2023-10-26 02:07:43,838:INFO:Internal pipeline: Pipeline(memory=None, steps=[('empty_step', 'passthrough')], verbose=False)
